{
  "stats": {
    "suites": 4,
    "tests": 24,
    "passes": 22,
    "pending": 0,
    "failures": 2,
    "testsRegistered": 24,
    "passPercent": 91.66666666666667,
    "pendingPercent": 0,
    "other": 0,
    "hasOther": false,
    "skipped": 0,
    "hasSkipped": false,
    "start": "2025-06-19T08:51:00.002Z",
    "end": "2025-06-20T13:41:59.387Z",
    "duration": 103859385
  },
  "results": [
    {
      "uuid": "60e6946f-5122-4add-8553-086d17bba24e",
      "title": "",
      "fullFile": "cypress\\e2e\\test.cy.js",
      "file": "cypress\\e2e\\test.cy.js",
      "beforeHooks": [],
      "afterHooks": [],
      "tests": [],
      "suites": [
        {
          "uuid": "61b80ddd-87c2-4b23-b36b-92cac03bdbe6",
          "title": "Create New Service",
          "fullFile": "",
          "file": "",
          "beforeHooks": [],
          "afterHooks": [],
          "tests": [
            {
              "title": "Visit Home Page",
              "fullTitle": "Create New Service Visit Home Page",
              "timedOut": null,
              "duration": 3368,
              "state": "passed",
              "speed": "fast",
              "pass": true,
              "fail": false,
              "pending": false,
              "context": null,
              "code": "homePage.visit();",
              "err": {},
              "uuid": "ce85b868-d125-498c-b6be-d8f687d43fe8",
              "parentUUID": "61b80ddd-87c2-4b23-b36b-92cac03bdbe6",
              "isHook": false,
              "skipped": false
            },
            {
              "title": "Filter Workspace",
              "fullTitle": "Create New Service Filter Workspace",
              "timedOut": null,
              "duration": 2044,
              "state": "passed",
              "speed": "fast",
              "pass": true,
              "fail": false,
              "pending": false,
              "context": null,
              "code": "homePage.filterWorkspace('default');",
              "err": {},
              "uuid": "7857da96-e025-4e45-aee5-37f77661378f",
              "parentUUID": "61b80ddd-87c2-4b23-b36b-92cac03bdbe6",
              "isHook": false,
              "skipped": false
            },
            {
              "title": "Add a Certificate",
              "fullTitle": "Create New Service Add a Certificate",
              "timedOut": null,
              "duration": 6545,
              "state": "passed",
              "speed": "medium",
              "pass": true,
              "fail": false,
              "pending": false,
              "context": null,
              "code": "cy.fixture('data').then(data => {\n  sidebar.navigateToSection('Certificates');\n  certificatesPage.addCertificate(data.cert, data.key);\n  certificatesPage.saveCertificate().then(id => {\n    cy.log(`Certificate ID: ${id}`);\n    certId = id;\n  });\n});",
              "err": {},
              "uuid": "fbf46291-6599-4534-86df-adfe80104827",
              "parentUUID": "61b80ddd-87c2-4b23-b36b-92cac03bdbe6",
              "isHook": false,
              "skipped": false
            },
            {
              "title": "Add a Gateway Service with Full details",
              "fullTitle": "Create New Service Add a Gateway Service with Full details",
              "timedOut": null,
              "duration": 8936,
              "state": "passed",
              "speed": "medium",
              "pass": true,
              "fail": false,
              "pending": false,
              "context": null,
              "code": "sidebar.navigateToSection('Overview');\noverviewPage.addGatewayService('Test_Service', 'testTag', 'https://api.kong-air.com/flights');\noverviewPage.addGatewayServiceWithFullDetails('3', '60000', '60000', '60000', certId, certId, 'true');\noverviewPage.saveGatewayService('Test_Service');\ngatewayServicesPage.getServiceId().then(id => {\n  serviceId = id;\n  cy.log(`Service ID: ${id}`);\n  expect(serviceId).to.exist;\n});",
              "err": {},
              "uuid": "4d14a8cb-9876-4db0-b263-b7b2553e72c1",
              "parentUUID": "61b80ddd-87c2-4b23-b36b-92cac03bdbe6",
              "isHook": false,
              "skipped": false
            },
            {
              "title": "Add a Route",
              "fullTitle": "Create New Service Add a Route",
              "timedOut": null,
              "duration": 2373,
              "state": "passed",
              "speed": "fast",
              "pass": true,
              "fail": false,
              "pending": false,
              "context": null,
              "code": "gatewayServicesPage.clickAddRoute();\nroutesPage.addRoute('Test_Route', 'HTTPS', '/flights');\nroutesPage.saveRoute('Test_Route');",
              "err": {},
              "uuid": "31caa051-23a1-4c04-acf3-afbb19f0afc3",
              "parentUUID": "61b80ddd-87c2-4b23-b36b-92cac03bdbe6",
              "isHook": false,
              "skipped": false
            },
            {
              "title": "Fetch services",
              "fullTitle": "Create New Service Fetch services",
              "timedOut": null,
              "duration": 90,
              "state": "passed",
              "speed": "fast",
              "pass": true,
              "fail": false,
              "pending": false,
              "context": null,
              "code": "cy.request({\n  method: 'GET',\n  url: 'http://localhost:8001/default/services?sort_desc=1&size=30',\n  headers: {\n    'Content-Type': 'application/json',\n    'Host': 'localhost:8001'\n  }\n}).then(response => {\n  expect(response.status).to.eq(200);\n  expect(response.body.data[0]).to.have.property('name', 'Test_Service');\n  expect(response.body.data[0].id).to.eq(serviceId);\n  cy.log('Services fetched successfully');\n});",
              "err": {},
              "uuid": "2b71fdb1-3379-45d1-9fbc-7d3a4052f262",
              "parentUUID": "61b80ddd-87c2-4b23-b36b-92cac03bdbe6",
              "isHook": false,
              "skipped": false
            },
            {
              "title": "Fetch routes",
              "fullTitle": "Create New Service Fetch routes",
              "timedOut": null,
              "duration": 281,
              "state": "passed",
              "speed": "fast",
              "pass": true,
              "fail": false,
              "pending": false,
              "context": null,
              "code": "cy.request({\n  method: 'GET',\n  url: 'http://localhost:8001/default/routes?sort_desc=1&size=30',\n  headers: {\n    'Content-Type': 'application/json',\n    'Host': 'localhost:8001'\n  }\n}).then(response => {\n  expect(response.status).to.eq(200);\n  expect(response.body.data[0]).to.have.property('name', 'Test_Route');\n  cy.log('Services fetched successfully');\n});",
              "err": {},
              "uuid": "49d68201-04f6-4404-8b79-96a02f3d1af6",
              "parentUUID": "61b80ddd-87c2-4b23-b36b-92cac03bdbe6",
              "isHook": false,
              "skipped": false
            }
          ],
          "suites": [],
          "passes": [
            "ce85b868-d125-498c-b6be-d8f687d43fe8",
            "7857da96-e025-4e45-aee5-37f77661378f",
            "fbf46291-6599-4534-86df-adfe80104827",
            "4d14a8cb-9876-4db0-b263-b7b2553e72c1",
            "31caa051-23a1-4c04-acf3-afbb19f0afc3",
            "2b71fdb1-3379-45d1-9fbc-7d3a4052f262",
            "49d68201-04f6-4404-8b79-96a02f3d1af6"
          ],
          "failures": [],
          "pending": [],
          "skipped": [],
          "duration": 23637,
          "root": false,
          "rootEmpty": false,
          "_timeout": 2000
        }
      ],
      "passes": [],
      "failures": [],
      "pending": [],
      "skipped": [],
      "duration": 0,
      "root": true,
      "rootEmpty": true,
      "_timeout": 2000
    },
    {
      "uuid": "508b7cd2-92d6-41fb-99fc-760b9408081c",
      "title": "",
      "fullFile": "cypress\\e2e\\test.cy.js",
      "file": "cypress\\e2e\\test.cy.js",
      "beforeHooks": [],
      "afterHooks": [],
      "tests": [],
      "suites": [
        {
          "uuid": "5135579b-4a0c-4fb2-8461-b674b0121a9d",
          "title": "Create New Service",
          "fullFile": "",
          "file": "",
          "beforeHooks": [],
          "afterHooks": [],
          "tests": [
            {
              "title": "Visit Home Page",
              "fullTitle": "Create New Service Visit Home Page",
              "timedOut": null,
              "duration": 11051,
              "state": "passed",
              "speed": "slow",
              "pass": true,
              "fail": false,
              "pending": false,
              "context": null,
              "code": "homePage.visit();",
              "err": {},
              "uuid": "8199576b-56d8-4156-b0e6-6e5d03d87ff2",
              "parentUUID": "5135579b-4a0c-4fb2-8461-b674b0121a9d",
              "isHook": false,
              "skipped": false
            },
            {
              "title": "Filter Workspace",
              "fullTitle": "Create New Service Filter Workspace",
              "timedOut": null,
              "duration": 4528,
              "state": "passed",
              "speed": "fast",
              "pass": true,
              "fail": false,
              "pending": false,
              "context": null,
              "code": "homePage.filterWorkspace('default');",
              "err": {},
              "uuid": "667ea56c-c389-442d-9b1e-9e159defecdd",
              "parentUUID": "5135579b-4a0c-4fb2-8461-b674b0121a9d",
              "isHook": false,
              "skipped": false
            },
            {
              "title": "Add a Certificate",
              "fullTitle": "Create New Service Add a Certificate",
              "timedOut": null,
              "duration": 9321,
              "state": "passed",
              "speed": "medium",
              "pass": true,
              "fail": false,
              "pending": false,
              "context": null,
              "code": "cy.fixture('data').then(data => {\n  sidebar.navigateToSection('Certificates');\n  certificatesPage.addCertificate(data.cert, data.key);\n  certificatesPage.saveCertificate().then(id => {\n    cy.log(`Certificate ID: ${id}`);\n    certId = id;\n  });\n});",
              "err": {},
              "uuid": "48bb84d3-01ba-4bd6-ac33-57afb9e42f7d",
              "parentUUID": "5135579b-4a0c-4fb2-8461-b674b0121a9d",
              "isHook": false,
              "skipped": false
            },
            {
              "title": "Add a Gateway Service with Full details",
              "fullTitle": "Create New Service Add a Gateway Service with Full details",
              "timedOut": null,
              "duration": 16367,
              "state": "failed",
              "speed": null,
              "pass": false,
              "fail": true,
              "pending": false,
              "context": null,
              "code": "sidebar.navigateToSection('Overview');\noverviewPage.addGatewayService('Test_Service', 'testTag', 'https://api.kong-air.com/flights');\noverviewPage.addGatewayServiceWithFullDetails('3', '60000', '60000', '60000', certId, certId, 'true');\noverviewPage.saveGatewayService('Test_Service');\ngatewayServicesPage.getServiceId().then(id => {\n  serviceId = id;\n  cy.log(`Service ID: ${id}`);\n  expect(serviceId).to.exist;\n});",
              "err": {
                "message": "AssertionError: Timed out retrying after 4000ms: Expected to find content: 'Test_Service' within the element: <span.kui-icon.close-icon> but never did.",
                "estack": "AssertionError: Timed out retrying after 4000ms: Expected to find content: 'Test_Service' within the element: <span.kui-icon.close-icon> but never did.\n    at OverviewPage.saveGatewayService (webpack://homework/./cypress/pages/overview.js:38:45)\n    at Context.eval (webpack://homework/./cypress/e2e/test.cy.js:41:17)",
                "diff": null
              },
              "uuid": "db5c507c-e5ac-4e2c-8499-62d03e2918e5",
              "parentUUID": "5135579b-4a0c-4fb2-8461-b674b0121a9d",
              "isHook": false,
              "skipped": false
            },
            {
              "title": "Add a Route",
              "fullTitle": "Create New Service Add a Route",
              "timedOut": null,
              "duration": 8519,
              "state": "passed",
              "speed": "medium",
              "pass": true,
              "fail": false,
              "pending": false,
              "context": null,
              "code": "gatewayServicesPage.clickAddRoute();\nroutesPage.addRoute('Test_Route', 'HTTPS', '/flights');\nroutesPage.saveRoute('Test_Route');",
              "err": {},
              "uuid": "3e9d2608-be13-4aa3-a81c-e54b33b21c29",
              "parentUUID": "5135579b-4a0c-4fb2-8461-b674b0121a9d",
              "isHook": false,
              "skipped": false
            },
            {
              "title": "Fetch services",
              "fullTitle": "Create New Service Fetch services",
              "timedOut": null,
              "duration": 1004,
              "state": "failed",
              "speed": null,
              "pass": false,
              "fail": true,
              "pending": false,
              "context": null,
              "code": "cy.request({\n  method: 'GET',\n  url: 'http://localhost:8001/default/services?sort_desc=1&size=30',\n  headers: {\n    'Content-Type': 'application/json',\n    'Host': 'localhost:8001'\n  }\n}).then(response => {\n  expect(response.status).to.eq(200);\n  expect(response.body.data[0]).to.have.property('name', 'Test_Service');\n  expect(response.body.data[0].id).to.eq(serviceId);\n  cy.log('Services fetched successfully');\n});",
              "err": {
                "message": "AssertionError: expected '0aa7fb6c-c982-44cf-a7b0-93e0077f2d9e' to equal undefined",
                "estack": "AssertionError: expected '0aa7fb6c-c982-44cf-a7b0-93e0077f2d9e' to equal undefined\n    at Context.eval (webpack://homework/./cypress/e2e/test.cy.js:66:42)\n    at getRet (http://localhost:8002/__cypress/runner/cypress_runner.js:120941:20)\n    at tryCatcher (http://localhost:8002/__cypress/runner/cypress_runner.js:1777:23)\n    at Promise.attempt.Promise.try (http://localhost:8002/__cypress/runner/cypress_runner.js:4285:29)\n    at Context.thenFn (http://localhost:8002/__cypress/runner/cypress_runner.js:120952:66)\n    at Context.then (http://localhost:8002/__cypress/runner/cypress_runner.js:121203:21)",
                "diff": null
              },
              "uuid": "8f142e96-a6d1-4967-af94-33bad2d74c6c",
              "parentUUID": "5135579b-4a0c-4fb2-8461-b674b0121a9d",
              "isHook": false,
              "skipped": false
            },
            {
              "title": "Fetch routes",
              "fullTitle": "Create New Service Fetch routes",
              "timedOut": null,
              "duration": 261,
              "state": "passed",
              "speed": "fast",
              "pass": true,
              "fail": false,
              "pending": false,
              "context": null,
              "code": "cy.request({\n  method: 'GET',\n  url: 'http://localhost:8001/default/routes?sort_desc=1&size=30',\n  headers: {\n    'Content-Type': 'application/json',\n    'Host': 'localhost:8001'\n  }\n}).then(response => {\n  expect(response.status).to.eq(200);\n  expect(response.body.data[0]).to.have.property('name', 'Test_Route');\n  cy.log('Services fetched successfully');\n});",
              "err": {},
              "uuid": "961c1bcc-e315-48bd-b816-c6d9d40e58cd",
              "parentUUID": "5135579b-4a0c-4fb2-8461-b674b0121a9d",
              "isHook": false,
              "skipped": false
            }
          ],
          "suites": [],
          "passes": [
            "8199576b-56d8-4156-b0e6-6e5d03d87ff2",
            "667ea56c-c389-442d-9b1e-9e159defecdd",
            "48bb84d3-01ba-4bd6-ac33-57afb9e42f7d",
            "3e9d2608-be13-4aa3-a81c-e54b33b21c29",
            "961c1bcc-e315-48bd-b816-c6d9d40e58cd"
          ],
          "failures": [
            "db5c507c-e5ac-4e2c-8499-62d03e2918e5",
            "8f142e96-a6d1-4967-af94-33bad2d74c6c"
          ],
          "pending": [],
          "skipped": [],
          "duration": 51051,
          "root": false,
          "rootEmpty": false,
          "_timeout": 2000
        }
      ],
      "passes": [],
      "failures": [],
      "pending": [],
      "skipped": [],
      "duration": 0,
      "root": true,
      "rootEmpty": true,
      "_timeout": 2000
    },
    {
      "uuid": "7657f1ad-75d6-4722-a3eb-7e17532f1cda",
      "title": "",
      "fullFile": "cypress\\e2e\\test.cy.js",
      "file": "cypress\\e2e\\test.cy.js",
      "beforeHooks": [],
      "afterHooks": [],
      "tests": [],
      "suites": [
        {
          "uuid": "9811f8ba-a017-4506-aad5-2add7f88f8fa",
          "title": "Create New Service",
          "fullFile": "",
          "file": "",
          "beforeHooks": [],
          "afterHooks": [],
          "tests": [
            {
              "title": "Visit Home Page",
              "fullTitle": "Create New Service Visit Home Page",
              "timedOut": null,
              "duration": 64814,
              "state": "passed",
              "speed": "slow",
              "pass": true,
              "fail": false,
              "pending": false,
              "context": null,
              "code": "homePage.visit();",
              "err": {},
              "uuid": "437f785a-cc5a-4e8b-b606-9c4021e72142",
              "parentUUID": "9811f8ba-a017-4506-aad5-2add7f88f8fa",
              "isHook": false,
              "skipped": false
            },
            {
              "title": "Filter Workspace",
              "fullTitle": "Create New Service Filter Workspace",
              "timedOut": null,
              "duration": 2273,
              "state": "passed",
              "speed": "fast",
              "pass": true,
              "fail": false,
              "pending": false,
              "context": null,
              "code": "homePage.filterWorkspace('default');",
              "err": {},
              "uuid": "ecd11263-f7c9-4bcf-a9f4-ba098b0c776d",
              "parentUUID": "9811f8ba-a017-4506-aad5-2add7f88f8fa",
              "isHook": false,
              "skipped": false
            },
            {
              "title": "Add a Certificate",
              "fullTitle": "Create New Service Add a Certificate",
              "timedOut": null,
              "duration": 6269,
              "state": "passed",
              "speed": "medium",
              "pass": true,
              "fail": false,
              "pending": false,
              "context": null,
              "code": "cy.fixture('data').then(data => {\n  sidebar.navigateToSection('Certificates');\n  certificatesPage.addCertificate(data.cert, data.key);\n  certificatesPage.saveCertificate().then(id => {\n    cy.log(`Certificate ID: ${id}`);\n    certId = id;\n  });\n});",
              "err": {},
              "uuid": "606c12bf-a1c4-46ce-b42e-06d46c902668",
              "parentUUID": "9811f8ba-a017-4506-aad5-2add7f88f8fa",
              "isHook": false,
              "skipped": false
            },
            {
              "title": "Add a Gateway Service with Full details",
              "fullTitle": "Create New Service Add a Gateway Service with Full details",
              "timedOut": null,
              "duration": 9971,
              "state": "passed",
              "speed": "medium",
              "pass": true,
              "fail": false,
              "pending": false,
              "context": null,
              "code": "sidebar.navigateToSection('Overview');\noverviewPage.addGatewayService('Test_Service', 'testTag', 'https://api.kong-air.com/flights');\noverviewPage.addGatewayServiceWithFullDetails('3', '60000', '60000', '60000', certId, certId, 'true');\noverviewPage.saveGatewayService('Test_Service');\ngatewayServicesPage.getServiceId().then(id => {\n  serviceId = id;\n  cy.log(`Service ID: ${id}`);\n  expect(serviceId).to.exist;\n});",
              "err": {},
              "uuid": "59ef700d-4ee5-4cf3-a1db-8b3151b9e78d",
              "parentUUID": "9811f8ba-a017-4506-aad5-2add7f88f8fa",
              "isHook": false,
              "skipped": false
            },
            {
              "title": "Add a Route",
              "fullTitle": "Create New Service Add a Route",
              "timedOut": null,
              "duration": 2776,
              "state": "passed",
              "speed": "fast",
              "pass": true,
              "fail": false,
              "pending": false,
              "context": null,
              "code": "gatewayServicesPage.clickAddRoute();\nroutesPage.addRoute('Test_Route', 'HTTPS', '/flights');\nroutesPage.saveRoute('Test_Route');",
              "err": {},
              "uuid": "baf53105-dc21-4a9e-88af-6fe1767d4c19",
              "parentUUID": "9811f8ba-a017-4506-aad5-2add7f88f8fa",
              "isHook": false,
              "skipped": false
            },
            {
              "title": "Fetch services",
              "fullTitle": "Create New Service Fetch services",
              "timedOut": null,
              "duration": 122,
              "state": "passed",
              "speed": "fast",
              "pass": true,
              "fail": false,
              "pending": false,
              "context": null,
              "code": "cy.request({\n  method: 'GET',\n  url: 'http://localhost:8001/default/services?sort_desc=1&size=30',\n  headers: {\n    'Content-Type': 'application/json',\n    'Host': 'localhost:8001'\n  }\n}).then(response => {\n  expect(response.status).to.eq(200);\n  expect(response.body.data[0]).to.have.property('name', 'Test_Service');\n  expect(response.body.data[0].id).to.eq(serviceId);\n  cy.log('Services fetched successfully');\n});",
              "err": {},
              "uuid": "c8a0d378-1bed-47c8-8a47-bf4a452199e2",
              "parentUUID": "9811f8ba-a017-4506-aad5-2add7f88f8fa",
              "isHook": false,
              "skipped": false
            },
            {
              "title": "Fetch routes",
              "fullTitle": "Create New Service Fetch routes",
              "timedOut": null,
              "duration": 63,
              "state": "passed",
              "speed": "fast",
              "pass": true,
              "fail": false,
              "pending": false,
              "context": null,
              "code": "cy.request({\n  method: 'GET',\n  url: 'http://localhost:8001/default/routes?sort_desc=1&size=30',\n  headers: {\n    'Content-Type': 'application/json',\n    'Host': 'localhost:8001'\n  }\n}).then(response => {\n  expect(response.status).to.eq(200);\n  expect(response.body.data[0]).to.have.property('name', 'Test_Route');\n  cy.log('Services fetched successfully');\n});",
              "err": {},
              "uuid": "657fb729-80e8-4f7e-a5f8-71d7c922da9e",
              "parentUUID": "9811f8ba-a017-4506-aad5-2add7f88f8fa",
              "isHook": false,
              "skipped": false
            }
          ],
          "suites": [],
          "passes": [
            "437f785a-cc5a-4e8b-b606-9c4021e72142",
            "ecd11263-f7c9-4bcf-a9f4-ba098b0c776d",
            "606c12bf-a1c4-46ce-b42e-06d46c902668",
            "59ef700d-4ee5-4cf3-a1db-8b3151b9e78d",
            "baf53105-dc21-4a9e-88af-6fe1767d4c19",
            "c8a0d378-1bed-47c8-8a47-bf4a452199e2",
            "657fb729-80e8-4f7e-a5f8-71d7c922da9e"
          ],
          "failures": [],
          "pending": [],
          "skipped": [],
          "duration": 86288,
          "root": false,
          "rootEmpty": false,
          "_timeout": 2000
        }
      ],
      "passes": [],
      "failures": [],
      "pending": [],
      "skipped": [],
      "duration": 0,
      "root": true,
      "rootEmpty": true,
      "_timeout": 2000
    },
    {
      "uuid": "63ebda9d-ada5-496b-ae26-ac8e6b7abb8b",
      "title": "",
      "fullFile": "cypress\\e2e\\test.cy.js",
      "file": "cypress\\e2e\\test.cy.js",
      "beforeHooks": [],
      "afterHooks": [],
      "tests": [],
      "suites": [
        {
          "uuid": "d4b4b3b8-f5c4-4643-a0bc-757363ea207a",
          "title": "Create New Service",
          "fullFile": "",
          "file": "",
          "beforeHooks": [],
          "afterHooks": [],
          "tests": [
            {
              "title": "Visit Home Page",
              "fullTitle": "Create New Service Visit Home Page",
              "timedOut": null,
              "duration": 3718,
              "state": "passed",
              "speed": "fast",
              "pass": true,
              "fail": false,
              "pending": false,
              "context": null,
              "code": "homePage.visit();",
              "err": {},
              "uuid": "2c9dcb05-4ceb-47bb-abe3-956a2204f4d1",
              "parentUUID": "d4b4b3b8-f5c4-4643-a0bc-757363ea207a",
              "isHook": false,
              "skipped": false
            },
            {
              "title": "Filter Workspace",
              "fullTitle": "Create New Service Filter Workspace",
              "timedOut": null,
              "duration": 2075,
              "state": "passed",
              "speed": "fast",
              "pass": true,
              "fail": false,
              "pending": false,
              "context": null,
              "code": "homePage.filterWorkspace('default');",
              "err": {},
              "uuid": "c5473290-cc3f-493c-b575-566b9c7455ad",
              "parentUUID": "d4b4b3b8-f5c4-4643-a0bc-757363ea207a",
              "isHook": false,
              "skipped": false
            },
            {
              "title": "Add a Gateway Service with Full URL",
              "fullTitle": "Create New Service Add a Gateway Service with Full URL",
              "timedOut": null,
              "duration": 3856,
              "state": "passed",
              "speed": "fast",
              "pass": true,
              "fail": false,
              "pending": false,
              "context": null,
              "code": "workspace.addGatewayService('Test Service', 'testTag', 'https://api.kong-air.com/flights');\nworkspace.addGatewayServiceWithFullDetails('3', '60000', '60000', '12121', '12121', 'true');\n// workspace.saveGatewayService();",
              "err": {},
              "uuid": "fc3bb65a-e7b7-407e-a136-62d37cc0457d",
              "parentUUID": "d4b4b3b8-f5c4-4643-a0bc-757363ea207a",
              "isHook": false,
              "skipped": false
            }
          ],
          "suites": [],
          "passes": [
            "2c9dcb05-4ceb-47bb-abe3-956a2204f4d1",
            "c5473290-cc3f-493c-b575-566b9c7455ad",
            "fc3bb65a-e7b7-407e-a136-62d37cc0457d"
          ],
          "failures": [],
          "pending": [],
          "skipped": [],
          "duration": 9649,
          "root": false,
          "rootEmpty": false,
          "_timeout": 2000
        }
      ],
      "passes": [],
      "failures": [],
      "pending": [],
      "skipped": [],
      "duration": 0,
      "root": true,
      "rootEmpty": true,
      "_timeout": 2000
    }
  ],
  "meta": {
    "mocha": {
      "version": "7.2.0"
    },
    "mochawesome": {
      "options": {
        "quiet": false,
        "reportFilename": "mochawesome",
        "saveHtml": false,
        "saveJson": true,
        "consoleReporter": "spec",
        "useInlineDiffs": false,
        "code": true
      },
      "version": "7.1.3"
    },
    "marge": {
      "options": {
        "reportDir": "cypress/reports",
        "overwrite": false,
        "html": false,
        "json": true
      },
      "version": "6.2.0"
    }
  }
}
