{
  "stats": {
    "suites": 1,
    "tests": 7,
    "passes": 7,
    "pending": 0,
    "failures": 0,
    "start": "2025-06-20T13:39:09.067Z",
    "end": "2025-06-20T13:41:59.387Z",
    "duration": 170320,
    "testsRegistered": 7,
    "passPercent": 100,
    "pendingPercent": 0,
    "other": 0,
    "hasOther": false,
    "skipped": 0,
    "hasSkipped": false
  },
  "results": [
    {
      "uuid": "7657f1ad-75d6-4722-a3eb-7e17532f1cda",
      "title": "",
      "fullFile": "cypress\\e2e\\test.cy.js",
      "file": "cypress\\e2e\\test.cy.js",
      "beforeHooks": [],
      "afterHooks": [],
      "tests": [],
      "suites": [
        {
          "uuid": "9811f8ba-a017-4506-aad5-2add7f88f8fa",
          "title": "Create New Service",
          "fullFile": "",
          "file": "",
          "beforeHooks": [],
          "afterHooks": [],
          "tests": [
            {
              "title": "Visit Home Page",
              "fullTitle": "Create New Service Visit Home Page",
              "timedOut": null,
              "duration": 64814,
              "state": "passed",
              "speed": "slow",
              "pass": true,
              "fail": false,
              "pending": false,
              "context": null,
              "code": "homePage.visit();",
              "err": {},
              "uuid": "437f785a-cc5a-4e8b-b606-9c4021e72142",
              "parentUUID": "9811f8ba-a017-4506-aad5-2add7f88f8fa",
              "isHook": false,
              "skipped": false
            },
            {
              "title": "Filter Workspace",
              "fullTitle": "Create New Service Filter Workspace",
              "timedOut": null,
              "duration": 2273,
              "state": "passed",
              "speed": "fast",
              "pass": true,
              "fail": false,
              "pending": false,
              "context": null,
              "code": "homePage.filterWorkspace('default');",
              "err": {},
              "uuid": "ecd11263-f7c9-4bcf-a9f4-ba098b0c776d",
              "parentUUID": "9811f8ba-a017-4506-aad5-2add7f88f8fa",
              "isHook": false,
              "skipped": false
            },
            {
              "title": "Add a Certificate",
              "fullTitle": "Create New Service Add a Certificate",
              "timedOut": null,
              "duration": 6269,
              "state": "passed",
              "speed": "medium",
              "pass": true,
              "fail": false,
              "pending": false,
              "context": null,
              "code": "cy.fixture('data').then(data => {\n  sidebar.navigateToSection('Certificates');\n  certificatesPage.addCertificate(data.cert, data.key);\n  certificatesPage.saveCertificate().then(id => {\n    cy.log(`Certificate ID: ${id}`);\n    certId = id;\n  });\n});",
              "err": {},
              "uuid": "606c12bf-a1c4-46ce-b42e-06d46c902668",
              "parentUUID": "9811f8ba-a017-4506-aad5-2add7f88f8fa",
              "isHook": false,
              "skipped": false
            },
            {
              "title": "Add a Gateway Service with Full details",
              "fullTitle": "Create New Service Add a Gateway Service with Full details",
              "timedOut": null,
              "duration": 9971,
              "state": "passed",
              "speed": "medium",
              "pass": true,
              "fail": false,
              "pending": false,
              "context": null,
              "code": "sidebar.navigateToSection('Overview');\noverviewPage.addGatewayService('Test_Service', 'testTag', 'https://api.kong-air.com/flights');\noverviewPage.addGatewayServiceWithFullDetails('3', '60000', '60000', '60000', certId, certId, 'true');\noverviewPage.saveGatewayService('Test_Service');\ngatewayServicesPage.getServiceId().then(id => {\n  serviceId = id;\n  cy.log(`Service ID: ${id}`);\n  expect(serviceId).to.exist;\n});",
              "err": {},
              "uuid": "59ef700d-4ee5-4cf3-a1db-8b3151b9e78d",
              "parentUUID": "9811f8ba-a017-4506-aad5-2add7f88f8fa",
              "isHook": false,
              "skipped": false
            },
            {
              "title": "Add a Route",
              "fullTitle": "Create New Service Add a Route",
              "timedOut": null,
              "duration": 2776,
              "state": "passed",
              "speed": "fast",
              "pass": true,
              "fail": false,
              "pending": false,
              "context": null,
              "code": "gatewayServicesPage.clickAddRoute();\nroutesPage.addRoute('Test_Route', 'HTTPS', '/flights');\nroutesPage.saveRoute('Test_Route');",
              "err": {},
              "uuid": "baf53105-dc21-4a9e-88af-6fe1767d4c19",
              "parentUUID": "9811f8ba-a017-4506-aad5-2add7f88f8fa",
              "isHook": false,
              "skipped": false
            },
            {
              "title": "Fetch services",
              "fullTitle": "Create New Service Fetch services",
              "timedOut": null,
              "duration": 122,
              "state": "passed",
              "speed": "fast",
              "pass": true,
              "fail": false,
              "pending": false,
              "context": null,
              "code": "cy.request({\n  method: 'GET',\n  url: 'http://localhost:8001/default/services?sort_desc=1&size=30',\n  headers: {\n    'Content-Type': 'application/json',\n    'Host': 'localhost:8001'\n  }\n}).then(response => {\n  expect(response.status).to.eq(200);\n  expect(response.body.data[0]).to.have.property('name', 'Test_Service');\n  expect(response.body.data[0].id).to.eq(serviceId);\n  cy.log('Services fetched successfully');\n});",
              "err": {},
              "uuid": "c8a0d378-1bed-47c8-8a47-bf4a452199e2",
              "parentUUID": "9811f8ba-a017-4506-aad5-2add7f88f8fa",
              "isHook": false,
              "skipped": false
            },
            {
              "title": "Fetch routes",
              "fullTitle": "Create New Service Fetch routes",
              "timedOut": null,
              "duration": 63,
              "state": "passed",
              "speed": "fast",
              "pass": true,
              "fail": false,
              "pending": false,
              "context": null,
              "code": "cy.request({\n  method: 'GET',\n  url: 'http://localhost:8001/default/routes?sort_desc=1&size=30',\n  headers: {\n    'Content-Type': 'application/json',\n    'Host': 'localhost:8001'\n  }\n}).then(response => {\n  expect(response.status).to.eq(200);\n  expect(response.body.data[0]).to.have.property('name', 'Test_Route');\n  cy.log('Services fetched successfully');\n});",
              "err": {},
              "uuid": "657fb729-80e8-4f7e-a5f8-71d7c922da9e",
              "parentUUID": "9811f8ba-a017-4506-aad5-2add7f88f8fa",
              "isHook": false,
              "skipped": false
            }
          ],
          "suites": [],
          "passes": [
            "437f785a-cc5a-4e8b-b606-9c4021e72142",
            "ecd11263-f7c9-4bcf-a9f4-ba098b0c776d",
            "606c12bf-a1c4-46ce-b42e-06d46c902668",
            "59ef700d-4ee5-4cf3-a1db-8b3151b9e78d",
            "baf53105-dc21-4a9e-88af-6fe1767d4c19",
            "c8a0d378-1bed-47c8-8a47-bf4a452199e2",
            "657fb729-80e8-4f7e-a5f8-71d7c922da9e"
          ],
          "failures": [],
          "pending": [],
          "skipped": [],
          "duration": 86288,
          "root": false,
          "rootEmpty": false,
          "_timeout": 2000
        }
      ],
      "passes": [],
      "failures": [],
      "pending": [],
      "skipped": [],
      "duration": 0,
      "root": true,
      "rootEmpty": true,
      "_timeout": 2000
    }
  ],
  "meta": {
    "mocha": {
      "version": "7.2.0"
    },
    "mochawesome": {
      "options": {
        "quiet": false,
        "reportFilename": "mochawesome",
        "saveHtml": false,
        "saveJson": true,
        "consoleReporter": "spec",
        "useInlineDiffs": false,
        "code": true
      },
      "version": "7.1.3"
    },
    "marge": {
      "options": {
        "reportDir": "cypress/reports",
        "overwrite": false,
        "html": false,
        "json": true
      },
      "version": "6.2.0"
    }
  }
}